<?xml version="1.0" encoding="UTF-8"?>
<!-- Generated by org.testng.reporters.JUnitXMLReporter -->
<testsuite ignored="0" hostname="HarshitaAsus" failures="0" tests="4" name="Default test" time="9.031" errors="0" timestamp="2023-10-19T19:03:39 IST">
  <testcase classname="trainingMO.day2.DDT" name="test1" time="0.259"/>
  <testcase classname="trainingMO.day2.DDT" name="test1" time="0.256"/>
  <testcase classname="trainingMO.day2.DDT" name="test1" time="0.237"/>
  <testcase classname="trainingMO.day2.DDT" name="test1" time="0.211"/>
</testsuite> <!-- Default test -->
