<?xml version="1.0" encoding="UTF-8"?>
<!-- Generated by org.testng.reporters.JUnitXMLReporter -->
<testsuite ignored="0" hostname="HarshitaAsus" failures="0" tests="2" name="Error validation Test" time="10.392" errors="0" timestamp="2023-09-24T22:35:29 IST">
  <testcase classname="Frameworkstart.first.ErrorValidations" name="loginwithInvalid" time="0.456"/>
  <testcase classname="Frameworkstart.first.ErrorValidations" name="loginwithInvalid" time="0.0">
    <skipped/>
  </testcase> <!-- loginwithInvalid -->
</testsuite> <!-- Error validation Test -->
