<?xml version="1.0" encoding="UTF-8"?>
<testng-results ignored="0" total="2" passed="2" failed="0" skipped="0">
  <reporter-output>
  </reporter-output>
  <suite started-at="2023-09-25T08:19:03 IST" name="Default suite" finished-at="2023-09-25T08:19:14 IST" duration-ms="10749">
    <groups>
    </groups>
    <test started-at="2023-09-25T08:19:03 IST" name="Default test" finished-at="2023-09-25T08:19:14 IST" duration-ms="10749">
      <class name="Frameworkstart.first.ErrorValidations">
        <test-method is-config="true" signature="launchApplication()[pri:0, instance:Frameworkstart.first.ErrorValidations@7526515b]" started-at="2023-09-25T08:19:03 IST" name="launchApplication" finished-at="2023-09-25T08:19:08 IST" duration-ms="4662" status="PASS">
          <reporter-output>
          </reporter-output>
        </test-method> <!-- launchApplication -->
        <test-method signature="loginwithInvalid(java.util.HashMap)[pri:0, instance:Frameworkstart.first.ErrorValidations@7526515b]" started-at="2023-09-25T08:19:08 IST" name="loginwithInvalid" data-provider="getDatafromjson" finished-at="2023-09-25T08:19:09 IST" duration-ms="1027" status="PASS">
          <params>
            <param index="0">
              <value>
                <![CDATA[{pass=Password@123json1, email=aditya.kumar@gmail.comjson1}]]>
              </value>
            </param>
          </params>
          <reporter-output>
          </reporter-output>
        </test-method> <!-- loginwithInvalid -->
        <test-method is-config="true" signature="teardown()[pri:0, instance:Frameworkstart.first.ErrorValidations@7526515b]" started-at="2023-09-25T08:19:09 IST" name="teardown" finished-at="2023-09-25T08:19:10 IST" duration-ms="892" status="PASS">
          <reporter-output>
          </reporter-output>
        </test-method> <!-- teardown -->
        <test-method is-config="true" signature="launchApplication()[pri:0, instance:Frameworkstart.first.ErrorValidations@7526515b]" started-at="2023-09-25T08:19:10 IST" name="launchApplication" finished-at="2023-09-25T08:19:13 IST" duration-ms="2652" status="PASS">
          <reporter-output>
          </reporter-output>
        </test-method> <!-- launchApplication -->
        <test-method signature="loginwithInvalid(java.util.HashMap)[pri:0, instance:Frameworkstart.first.ErrorValidations@7526515b]" started-at="2023-09-25T08:19:13 IST" name="loginwithInvalid" data-provider="getDatafromjson" finished-at="2023-09-25T08:19:13 IST" duration-ms="403" status="PASS">
          <params>
            <param index="0">
              <value>
                <![CDATA[{pass=Password@123json2, email=aditya.kumar@gmail.comjson2}]]>
              </value>
            </param>
          </params>
          <reporter-output>
          </reporter-output>
        </test-method> <!-- loginwithInvalid -->
        <test-method is-config="true" signature="teardown()[pri:0, instance:Frameworkstart.first.ErrorValidations@7526515b]" started-at="2023-09-25T08:19:13 IST" name="teardown" finished-at="2023-09-25T08:19:14 IST" duration-ms="842" status="PASS">
          <reporter-output>
          </reporter-output>
        </test-method> <!-- teardown -->
      </class> <!-- Frameworkstart.first.ErrorValidations -->
    </test> <!-- Default test -->
  </suite> <!-- Default suite -->
</testng-results>
