<?xml version="1.0" encoding="UTF-8"?>
<testng-results ignored="0" total="1" passed="1" failed="0" skipped="0">
  <reporter-output>
    <line>
      <![CDATA[Before Method getting exeucted ]]>
    </line>
    <line>
      <![CDATA[after method is executed ]]>
    </line>
  </reporter-output>
  <suite started-at="2023-11-01T22:30:37 IST" name="Default suite" finished-at="2023-11-01T22:30:39 IST" duration-ms="2508">
    <groups>
    </groups>
    <test started-at="2023-11-01T22:30:37 IST" name="Default test" finished-at="2023-11-01T22:30:39 IST" duration-ms="2508">
      <class name="trainingMO.day7.LoginScenario">
        <test-method is-config="true" signature="setup()[pri:0, instance:trainingMO.day7.LoginScenario@4f49f6af]" started-at="2023-11-01T22:30:37 IST" name="setup" finished-at="2023-11-01T22:30:39 IST" duration-ms="2286" status="PASS">
          <reporter-output>
            <line>
              <![CDATA[Before Method getting exeucted ]]>
            </line>
          </reporter-output>
        </test-method> <!-- setup -->
        <test-method signature="verifyTitle()[pri:0, instance:trainingMO.day7.LoginScenario@4f49f6af]" started-at="2023-11-01T22:30:39 IST" name="verifyTitle" finished-at="2023-11-01T22:30:39 IST" duration-ms="40" status="PASS">
          <reporter-output>
          </reporter-output>
        </test-method> <!-- verifyTitle -->
        <test-method is-config="true" signature="teardown()[pri:0, instance:trainingMO.day7.LoginScenario@4f49f6af]" started-at="2023-11-01T22:30:39 IST" name="teardown" finished-at="2023-11-01T22:30:39 IST" duration-ms="143" status="PASS">
          <reporter-output>
            <line>
              <![CDATA[after method is executed ]]>
            </line>
          </reporter-output>
        </test-method> <!-- teardown -->
      </class> <!-- trainingMO.day7.LoginScenario -->
    </test> <!-- Default test -->
  </suite> <!-- Default suite -->
</testng-results>
